<?xml version="1.0" encoding="UTF-8"?>
<!-- Generated by org.testng.reporters.JUnitReportReporter -->
<testsuite skipped="0" hostname="LAPTOP-G87SNGCF" name="com.testyantra.typroject.Tests.Test_01" tests="1" failures="0" timestamp="02 Mar 2020 11:39:36 GMT" time="8.733" errors="0">
  <testcase name="test" time="8.733" classname="com.testyantra.typroject.Tests.Test_01"/>
</testsuite> <!-- com.testyantra.typroject.Tests.Test_01 -->
